<?xml version="1.0" encoding="UTF-8"?>
<testsuite name="SortBasedOnPortTest" tests="1" skipped="0" failures="0" errors="0" timestamp="2020-02-07T20:29:33" hostname="LAPTOP-551H3L1M" time="0.001">
  <properties/>
  <testcase name="compare" classname="SortBasedOnPortTest" time="0.001"/>
  <system-out><![CDATA[]]></system-out>
  <system-err><![CDATA[]]></system-err>
</testsuite>
