<?xml version="1.0" encoding="UTF-8"?>
<testsuite name="RulesTest" tests="6" skipped="0" failures="0" errors="0" timestamp="2020-02-07T19:57:57" hostname="LAPTOP-551H3L1M" time="0.002">
  <properties/>
  <testcase name="getStartPort" classname="RulesTest" time="0.0"/>
  <testcase name="getDirection" classname="RulesTest" time="0.0"/>
  <testcase name="ValidConstruction" classname="RulesTest" time="0.001"/>
  <testcase name="getEndPort" classname="RulesTest" time="0.0"/>
  <testcase name="getProtocol" classname="RulesTest" time="0.0"/>
  <testcase name="isInRange" classname="RulesTest" time="0.0"/>
  <system-out><![CDATA[]]></system-out>
  <system-err><![CDATA[]]></system-err>
</testsuite>
